<?xml version="1.0" encoding="UTF-8"?>
<!-- Generated by org.testng.reporters.JUnitReportReporter -->
<testsuite skipped="2" hostname="DESKTOP-ASH3P1V" name="com.cases.CaseTest" tests="6" failures="0" timestamp="2020-04-17T15:38:25 CST" time="1.073" errors="0">
  <testcase name="getBalance" time="0.888" classname="com.cases.CaseTest"/>
  <testcase name="getCustomCode" time="0.021" classname="com.cases.CaseTest"/>
  <testcase name="getCustomID" time="0.108" classname="com.cases.CaseTest"/>
  <testcase name="getUserLevel" time="0.056" classname="com.cases.CaseTest"/>
  <testcase name="reSignIn" classname="com.cases.CaseTest">
    <skipped/>
  </testcase> <!-- reSignIn -->
  <testcase name="signIn" classname="com.cases.CaseTest">
    <skipped/>
  </testcase> <!-- signIn -->
</testsuite> <!-- com.cases.CaseTest -->
