<?xml version="1.0" encoding="UTF-8"?>
<!-- Generated by org.testng.reporters.JUnitReportReporter -->
<testsuite skipped="3" hostname="DESKTOP-ASH3P1V" name="com.cases.PressureTestCase" tests="7" failures="0" timestamp="2020-04-17T15:38:25 CST" time="0.899" errors="0">
  <testcase name="getPlayPluginTask" time="0.018" classname="com.cases.PressureTestCase"/>
  <testcase name="getInfoFrom" time="0.110" classname="com.cases.PressureTestCase"/>
  <testcase name="visitHomePage" time="0.605" classname="com.cases.PressureTestCase"/>
  <testcase name="addIntegra" time="0.166" classname="com.cases.PressureTestCase"/>
  <testcase name="sendInfo" classname="com.cases.PressureTestCase">
    <skipped/>
  </testcase> <!-- sendInfo -->
  <testcase name="visitMyTask" classname="com.cases.PressureTestCase">
    <skipped/>
  </testcase> <!-- visitMyTask -->
  <testcase name="visitTask" classname="com.cases.PressureTestCase">
    <skipped/>
  </testcase> <!-- visitTask -->
</testsuite> <!-- com.cases.PressureTestCase -->
