<?xml version="1.0" encoding="UTF-8"?>
<!-- Generated by org.testng.reporters.JUnitReportReporter -->
<testsuite skipped="0" hostname="DESKTOP-ASH3P1V" name="com.cases.Cases" tests="18" failures="0" timestamp="2020-04-16T13:34:16 CST" time="2.037" errors="0">
  <testcase name="videoRecommend" time="0.082" classname="com.cases.Cases"/>
  <testcase name="getSingleJoke" time="0.057" classname="com.cases.Cases"/>
  <testcase name="getSongPoetry" time="0.017" classname="com.cases.Cases"/>
  <testcase name="musicRankingsDetails" time="0.021" classname="com.cases.Cases"/>
  <testcase name="videoCategory" time="0.023" classname="com.cases.Cases"/>
  <testcase name="musicBroadcastingDetailsv" time="0.020" classname="com.cases.Cases"/>
  <testcase name="musicRankings" time="0.039" classname="com.cases.Cases"/>
  <testcase name="getSinglePoetry" time="0.015" classname="com.cases.Cases"/>
  <testcase name="videoHomeTab" time="0.015" classname="com.cases.Cases"/>
  <testcase name="getLikePoetry" time="0.101" classname="com.cases.Cases"/>
  <testcase name="videoCategoryDetails" time="0.086" classname="com.cases.Cases"/>
  <testcase name="getJokeCase" time="1.347" classname="com.cases.Cases"/>
  <testcase name="getSearchAuthors" time="0.020" classname="com.cases.Cases"/>
  <testcase name="getSearchPoetry" time="0.019" classname="com.cases.Cases"/>
  <testcase name="getRecommendPoetry" time="0.017" classname="com.cases.Cases"/>
  <testcase name="getTangPoetry" time="0.018" classname="com.cases.Cases"/>
  <testcase name="todayVideo" time="0.111" classname="com.cases.Cases"/>
  <testcase name="musicBroadcasting" time="0.029" classname="com.cases.Cases"/>
</testsuite> <!-- com.cases.Cases -->
