<?xml version="1.0" encoding="UTF-8"?>
<!-- Generated by org.testng.reporters.JUnitReportReporter -->
<testsuite skipped="0" hostname="DESKTOP-ASH3P1V" name="com.cases.Cases" tests="18" failures="0" timestamp="2020-04-15T19:11:57 CST" time="2.029" errors="0">
  <testcase name="getRecommendPoetry" time="0.020" classname="com.cases.Cases"/>
  <testcase name="musicRankings" time="0.030" classname="com.cases.Cases"/>
  <testcase name="getLikePoetry" time="0.100" classname="com.cases.Cases"/>
  <testcase name="musicBroadcasting" time="0.030" classname="com.cases.Cases"/>
  <testcase name="videoHomeTab" time="0.040" classname="com.cases.Cases"/>
  <testcase name="videoCategory" time="0.030" classname="com.cases.Cases"/>
  <testcase name="getSinglePoetry" time="0.020" classname="com.cases.Cases"/>
  <testcase name="getSingleJoke" time="0.060" classname="com.cases.Cases"/>
  <testcase name="videoCategoryDetails" time="0.110" classname="com.cases.Cases"/>
  <testcase name="videoRecommend" time="0.089" classname="com.cases.Cases"/>
  <testcase name="musicBroadcastingDetailsv" time="0.020" classname="com.cases.Cases"/>
  <testcase name="getSongPoetry" time="0.020" classname="com.cases.Cases"/>
  <testcase name="musicRankingsDetails" time="0.020" classname="com.cases.Cases"/>
  <testcase name="getSearchPoetry" time="0.020" classname="com.cases.Cases"/>
  <testcase name="getSearchAuthors" time="0.030" classname="com.cases.Cases"/>
  <testcase name="getTangPoetry" time="0.020" classname="com.cases.Cases"/>
  <testcase name="getJokeCase" time="1.270" classname="com.cases.Cases"/>
  <testcase name="todayVideo" time="0.100" classname="com.cases.Cases"/>
</testsuite> <!-- com.cases.Cases -->
